== dh-make-perl 0.84 ==
CPAN: File::HomeDir loaded ok (v1.00)
Reading '/home/lucas/.cpan/Metadata'
  Database was generated on Tue, 21 Apr 2015 20:17:02 GMT
CPAN: Digest::SHA loaded ok (v5.88)
Checksum for /home/lucas/.cpan/sources/authors/id/T/TU/TURNSTEP/Net-SSH-Perl-1.38.tar.gz ok
CPAN: Archive::Tar loaded ok (v1.96)
Net-SSH-Perl-1.38/
Net-SSH-Perl-1.38/LICENSE
Net-SSH-Perl-1.38/MANIFEST.SKIP
Net-SSH-Perl-1.38/eg/
Net-SSH-Perl-1.38/eg/remoteinteract.pl
Net-SSH-Perl-1.38/eg/remoteinteract2.pl
Net-SSH-Perl-1.38/eg/pssh
Net-SSH-Perl-1.38/eg/cmd.pl
Net-SSH-Perl-1.38/eg/pscp
Net-SSH-Perl-1.38/eg/pssh-keygen
Net-SSH-Perl-1.38/.perlcriticrc
Net-SSH-Perl-1.38/Changes
Net-SSH-Perl-1.38/MANIFEST
Net-SSH-Perl-1.38/lib/
Net-SSH-Perl-1.38/lib/Net/
Net-SSH-Perl-1.38/lib/Net/SSH/
Net-SSH-Perl-1.38/lib/Net/SSH/Perl.pm
Net-SSH-Perl-1.38/lib/Net/SSH/Perl/
Net-SSH-Perl-1.38/lib/Net/SSH/Perl/Cipher.pm
Net-SSH-Perl-1.38/lib/Net/SSH/Perl/Channel.pm
Net-SSH-Perl-1.38/lib/Net/SSH/Perl/Key.pm
Net-SSH-Perl-1.38/lib/Net/SSH/Perl/Config.pm
Net-SSH-Perl-1.38/lib/Net/SSH/Perl/Buffer.pm
Net-SSH-Perl-1.38/lib/Net/SSH/Perl/Handle/
Net-SSH-Perl-1.38/lib/Net/SSH/Perl/Handle/SSH2.pm
Net-SSH-Perl-1.38/lib/Net/SSH/Perl/Handle/SSH1.pm
Net-SSH-Perl-1.38/lib/Net/SSH/Perl/Handle.pm
Net-SSH-Perl-1.38/lib/Net/SSH/Perl/SSH2.pm
Net-SSH-Perl-1.38/lib/Net/SSH/Perl/Util/
Net-SSH-Perl-1.38/lib/Net/SSH/Perl/Util/SSH1MP.pm
Net-SSH-Perl-1.38/lib/Net/SSH/Perl/Util/Term.pm
Net-SSH-Perl-1.38/lib/Net/SSH/Perl/Util/SSH1Misc.pm
Net-SSH-Perl-1.38/lib/Net/SSH/Perl/Util/Hosts.pm
Net-SSH-Perl-1.38/lib/Net/SSH/Perl/Util/Authfile.pm
Net-SSH-Perl-1.38/lib/Net/SSH/Perl/Util/RSA.pm
Net-SSH-Perl-1.38/lib/Net/SSH/Perl/Util/SSH2MP.pm
Net-SSH-Perl-1.38/lib/Net/SSH/Perl/Kex/
Net-SSH-Perl-1.38/lib/Net/SSH/Perl/Kex/DH1.pm
Net-SSH-Perl-1.38/lib/Net/SSH/Perl/Mac.pm
Net-SSH-Perl-1.38/lib/Net/SSH/Perl/Auth/
Net-SSH-Perl-1.38/lib/Net/SSH/Perl/Auth/Password.pm
Net-SSH-Perl-1.38/lib/Net/SSH/Perl/Auth/KeyboardInt.pm
Net-SSH-Perl-1.38/lib/Net/SSH/Perl/Auth/PublicKey.pm
Net-SSH-Perl-1.38/lib/Net/SSH/Perl/Auth/KeyboardInteractive.pm
Net-SSH-Perl-1.38/lib/Net/SSH/Perl/Auth/Rhosts.pm
Net-SSH-Perl-1.38/lib/Net/SSH/Perl/Auth/RSA.pm
Net-SSH-Perl-1.38/lib/Net/SSH/Perl/Auth/Rhosts_RSA.pm
Net-SSH-Perl-1.38/lib/Net/SSH/Perl/Auth/ChallengeResponse.pm
Net-SSH-Perl-1.38/lib/Net/SSH/Perl/ChannelMgr.pm
Net-SSH-Perl-1.38/lib/Net/SSH/Perl/Auth.pm
Net-SSH-Perl-1.38/lib/Net/SSH/Perl/Agent.pm
Net-SSH-Perl-1.38/lib/Net/SSH/Perl/Key/
Net-SSH-Perl-1.38/lib/Net/SSH/Perl/Key/DSA.pm
Net-SSH-Perl-1.38/lib/Net/SSH/Perl/Key/RSA1.pm
Net-SSH-Perl-1.38/lib/Net/SSH/Perl/Key/RSA.pm
Net-SSH-Perl-1.38/lib/Net/SSH/Perl/Cipher/
Net-SSH-Perl-1.38/lib/Net/SSH/Perl/Cipher/CFB.pm
Net-SSH-Perl-1.38/lib/Net/SSH/Perl/Cipher/RC4.pm
Net-SSH-Perl-1.38/lib/Net/SSH/Perl/Cipher/CBC.pm
Net-SSH-Perl-1.38/lib/Net/SSH/Perl/Cipher/DES.pm
Net-SSH-Perl-1.38/lib/Net/SSH/Perl/Cipher/DES3.pm
Net-SSH-Perl-1.38/lib/Net/SSH/Perl/Cipher/IDEA.pm
Net-SSH-Perl-1.38/lib/Net/SSH/Perl/Cipher/Blowfish.pm
Net-SSH-Perl-1.38/lib/Net/SSH/Perl/Packet.pm
Net-SSH-Perl-1.38/lib/Net/SSH/Perl/AuthMgr.pm
Net-SSH-Perl-1.38/lib/Net/SSH/Perl/Comp/
Net-SSH-Perl-1.38/lib/Net/SSH/Perl/Comp/Zlib.pm
Net-SSH-Perl-1.38/lib/Net/SSH/Perl/Kex.pm
Net-SSH-Perl-1.38/lib/Net/SSH/Perl/Comp.pm
Net-SSH-Perl-1.38/lib/Net/SSH/Perl/SSH1.pm
Net-SSH-Perl-1.38/lib/Net/SSH/Perl/Constants.pm
Net-SSH-Perl-1.38/lib/Net/SSH/Perl/Subsystem/
Net-SSH-Perl-1.38/lib/Net/SSH/Perl/Subsystem/Server.pm
Net-SSH-Perl-1.38/lib/Net/SSH/Perl/Subsystem/Client.pm
Net-SSH-Perl-1.38/lib/Net/SSH/Perl/Util.pm
Net-SSH-Perl-1.38/t/
Net-SSH-Perl-1.38/t/06-circular.t
Net-SSH-Perl-1.38/t/psshd
Net-SSH-Perl-1.38/t/99-pod.t
Net-SSH-Perl-1.38/t/test-common.pl
Net-SSH-Perl-1.38/t/06-auth.t
Net-SSH-Perl-1.38/t/00-signature.t
Net-SSH-Perl-1.38/t/02-buffer.t
Net-SSH-Perl-1.38/t/99-perlcritic.t
Net-SSH-Perl-1.38/t/config
Net-SSH-Perl-1.38/t/01-compile.t
Net-SSH-Perl-1.38/t/04-config.t
Net-SSH-Perl-1.38/t/03-packet.t
Net-SSH-Perl-1.38/t/99-spellcheck.t
Net-SSH-Perl-1.38/t/05-cipher.t
Net-SSH-Perl-1.38/t/99-yaml.t
Net-SSH-Perl-1.38/README
Net-SSH-Perl-1.38/ToDo
Net-SSH-Perl-1.38/Makefile.PL
Net-SSH-Perl-1.38/SIGNATURE
Net-SSH-Perl-1.38/META.yml
CPAN: File::Temp loaded ok (v0.2304)
Using META.yml
Found: Net-SSH-Perl 1.38 (libnet-ssh-perl-perl arch=all)
Switched to a new branch 'master'
Using cached Contents from Wed Apr 22 18:06:27 2015
Needs the following modules for which there are no debian packages available:
 - Digest::SHA1
 - Crypt::IDEA
 - Math::Pari
= MIME::Base64 is in core since 5.7.3
+ Convert::PEM >= 0.05 found in libconvert-pem-perl (>= 0.05)
- Digest::SHA1 >= 2.10 not found in any package
   CPAN contains it in Digest-SHA1
   substituting package name of libdigest-sha1-perl
- Crypt::IDEA not found in any package
   CPAN contains it in Crypt-IDEA
   substituting package name of libcrypt-idea-perl
+ Digest::HMAC_MD5 found in libdigest-hmac-perl
+ Crypt::DH >= 0.01 found in libcrypt-dh-perl (>= 0.01)
+ Crypt::DSA >= 0.11 found in libcrypt-dsa-perl (>= 0.11)
+ Math::GMP >= 1.04 found in libmath-gmp-perl (>= 1.04)
= IO::Socket is in core since 5.3.70
+ Crypt::DES found in libcrypt-des-perl
= Scalar::Util is in core since 5.7.3
+ String::CRC32 >= 1.2 found in libstring-crc32-perl (>= 1.2)
+ Digest::HMAC_SHA1 found in libdigest-hmac-perl
- Math::Pari >= 2.001804 not found in any package
   CPAN contains it in Math-Pari
   substituting package name of libmath-pari-perl
= Digest::MD5 is in core since 5.7.3

Needs the following debian packages: perl (>= 5.7.3), libconvert-pem-perl (>= 0.05), libdigest-sha1-perl (>= 2.10), libcrypt-idea-perl, libdigest-hmac-perl, libcrypt-dh-perl (>= 0.01), libcrypt-dsa-perl (>= 0.11), libmath-gmp-perl (>= 1.04), libcrypt-des-perl, libstring-crc32-perl (>= 1.2), libmath-pari-perl (>= 2.001804)
= Test::More >= 0.61 is in core since 5.8.8

Needs the following debian packages during building: perl (>= 5.8.8)
Using maintainer: Lucas Nussbaum <lucas@debian.org>
Found docs: ToDo
Found examples: eg/*
Using rules: /usr/share/dh-make-perl/rules.dh.tiny
pristine-tar: committed libnet-ssh-perl-perl_1.38.orig.tar.gz.delta to branch pristine-tar
Reading package lists... 0%Reading package lists... 100%Reading package lists... Done
Building dependency tree... 0%Building dependency tree... 0%Building dependency tree... 50%Building dependency tree... 50%Building dependency tree       
Reading state information... 0%Reading state information... 0%Reading state information... Done
--- Done
